WARNING: Skipping ComposeIntensityAlpha for textures with different dimensions: materials/glass/glasswindow031b_mask.vtf, materials/glass/glasswindow031b.vtf
WARNING: Skipping shader in process_lit_textured_face: decalbasetimeslightmapalphablendselfillum
WARNING: Skipping shader in process_lit_textured_face: water
WARNING: Unexpected WorldVertexTransition object lightmappedgeneric_dx9
WARNING: Unexpected WorldVertexTransition object worldvertextransition_dx9
WARNING: Unimplemented $envmapcontrast None
WARNING: Unimplemented $envmapcontrast Some(0.3)
WARNING: Unimplemented $envmapcontrast Some(0.6)
WARNING: Unimplemented LightmappedGeneric key $additive
WARNING: Unimplemented LightmappedGeneric key $allowalphatocoverage
WARNING: Unimplemented LightmappedGeneric key $basetexturetransform
WARNING: Unimplemented LightmappedGeneric key $basetexturetransform2
WARNING: Unimplemented LightmappedGeneric key $bottommaterial
WARNING: Unimplemented LightmappedGeneric key $color
WARNING: Unimplemented LightmappedGeneric key $crackmaterial
WARNING: Unimplemented LightmappedGeneric key $decalscale
WARNING: Unimplemented LightmappedGeneric key $fallbackmaterial
WARNING: Unimplemented LightmappedGeneric key $fogcolor
WARNING: Unimplemented LightmappedGeneric key $fogenable
WARNING: Unimplemented LightmappedGeneric key $fogend
WARNING: Unimplemented LightmappedGeneric key $fogstart
WARNING: Unimplemented LightmappedGeneric key $fresnelreflection
WARNING: Unimplemented LightmappedGeneric key $multipass
WARNING: Unimplemented LightmappedGeneric key $nocull
WARNING: Unimplemented LightmappedGeneric key $nodecal
WARNING: Unimplemented LightmappedGeneric key $nomip
WARNING: Unimplemented LightmappedGeneric key $normalmapalpha
WARNING: Unimplemented LightmappedGeneric key $vertexalpha
WARNING: Unimplemented LightmappedGeneric key $vertexcolor
WARNING: Unimplemented material proxies
WARNING: Unimplemented shader decalbasetimeslightmapalphablendselfillum
WARNING: Unimplemented shader water
WARNING: Unimplemented Sky key $basetexturetransform
WARNING: Unimplemented Sky key $hdrbaseTexture
WARNING: Unimplemented Sky key $hdrcompressedTexture
WARNING: Unimplemented Sky key $ignorez
WARNING: Unimplemented Sky key $nofog
WARNING: Unimplemented UnlitGeneric key $basetexturetransform
WARNING: Unimplemented UnlitGeneric key $ignorez
WARNING: Unimplemented UnlitGeneric key $nodecal
WARNING: Unimplemented UnlitGeneric key $nofog
WARNING: Unimplemented UnlitGeneric key $reflectivity
WARNING: Unimplemented UnlitGeneric key $selfillum
WARNING: Unimplemented UnlitGeneric key $surfaceprop
WARNING: Unimplemented WorldVertexTransition key $basetexturetransform
WARNING: Unimplemented WorldVertexTransition key $basetexturetransform2
WARNING: Unimplemented WorldVertexTransition key $bumpbasetexture2withbumpmap
WARNING: Unimplemented WorldVertexTransition key $bumpmap
WARNING: Unimplemented WorldVertexTransition key $bumpmap2
WARNING: Unimplemented WorldVertexTransition key $detail
WARNING: Unimplemented WorldVertexTransition key $detailscale
WARNING: Unimplemented WorldVertexTransition key $envmap
WARNING: Unimplemented WorldVertexTransition key $envmapcontrast
WARNING: Unimplemented WorldVertexTransition key $envmapsaturation
WARNING: Unimplemented WorldVertexTransition key $envmaptint
WARNING: Unimplemented WorldVertexTransition key $normalmapalphaenvmapmask
WARNING: Unimplemented WorldVertexTransition key $surfaceprop
WARNING: Unimplemented WorldVertexTransition key $surfaceprop2
